Build started 2/6/2018 12:55:16 PM.
     1>Project "E:\DATA(G)\Криптомодуль\TestProgram\TestApp\wolfssl-dll\wolfssl-dll.vcxproj" on node 3 (Rebuild target(s)).
     1>ClCompile:
         C:\Program Files (x86)\Microsoft Visual Studio 11.0\VC\bin\CL.exe /c /ZI /nologo /W3 /WX- /Od /Oy- /D WIN32 /D _DEBUG /D _WINDOWS /D _USRDLL /D WOLFSSLDLL_EXPORTS /D _WINDLL /D _UNICODE /D UNICODE /Gm /EHsc /RTC1 /MDd /GS /fp:precise /Zc:wchar_t /Zc:forScope /Fo"Debug\\" /Fd"Debug\vc110.pdb" /Gd /TP /analyze- /errorReport:prompt wolfpkcs7.cpp
         wolfpkcs7.cpp
     1>CL : warning : For timing resistance / side-channel attack prevention consider using harden options
     1>e:\data(g)\криптомодуль\testprogram\testapp\wolfssl-dll\wolfpkcs7.cpp(7): warning C4996: 'fopen': This function or variable may be unsafe. Consider using fopen_s instead. To disable deprecation, use _CRT_SECURE_NO_WARNINGS. See online help for details.
                 c:\program files (x86)\microsoft visual studio 11.0\vc\include\stdio.h(218) : see declaration of 'fopen'
     1>e:\data(g)\криптомодуль\testprogram\testapp\wolfssl-dll\wolfpkcs7.cpp(26): warning C4101: 'pkcs7Buff' : unreferenced local variable
       Link:
         C:\Program Files (x86)\Microsoft Visual Studio 11.0\VC\bin\link.exe /ERRORREPORT:PROMPT /OUT:"E:\DATA(G)\Криптомодуль\TestProgram\TestApp\Debug\wolfssl-dll.dll" /INCREMENTAL /NOLOGO kernel32.lib user32.lib gdi32.lib winspool.lib comdlg32.lib advapi32.lib shell32.lib ole32.lib oleaut32.lib uuid.lib odbc32.lib odbccp32.lib /MANIFEST /MANIFESTUAC:"level='asInvoker' uiAccess='false'" /manifest:embed /DEBUG /PDB:"E:\DATA(G)\Криптомодуль\TestProgram\TestApp\Debug\wolfssl-dll.pdb" /SUBSYSTEM:WINDOWS /TLBID:1 /DYNAMICBASE /NXCOMPAT /IMPLIB:"E:\DATA(G)\Криптомодуль\TestProgram\TestApp\Debug\wolfssl-dll.lib" /MACHINE:X86 /DLL Debug\wolfpkcs7.obj
         "E:\DATA(G)\Криптомодуль\TestProgram\TestApp\Debug\wolfssl.lib"
     1>wolfssl.lib(ssl.obj) : error LNK2019: unresolved external symbol __imp__closesocket@4 referenced in function _wolfSSL_BIO_free
     1>wolfssl.lib(wolfio.obj) : error LNK2019: unresolved external symbol __imp__recv@16 referenced in function _wolfIO_Recv
     1>wolfssl.lib(wolfio.obj) : error LNK2019: unresolved external symbol __imp__send@16 referenced in function _wolfIO_Send
     1>wolfssl.lib(wolfio.obj) : error LNK2019: unresolved external symbol __imp__WSAGetLastError@0 referenced in function _wolfSSL_LastError
     1>E:\DATA(G)\Криптомодуль\TestProgram\TestApp\Debug\wolfssl-dll.dll : fatal error LNK1120: 4 unresolved externals
     1>Done Building Project "E:\DATA(G)\Криптомодуль\TestProgram\TestApp\wolfssl-dll\wolfssl-dll.vcxproj" (Rebuild target(s)) -- FAILED.

Build FAILED.

Time Elapsed 00:00:00.81
